<?xml version="1.0" encoding="UTF-8"?>
<!-- Generated by org.testng.reporters.JUnitReportReporter -->
<testsuite hostname="DESKTOP-U4FFCR6" failures="0" tests="3" name="Runners.TestRunner" time="0.102" errors="0" timestamp="31 May 2023 20:31:19 GMT" skipped="0">
  <testcase classname="Runners.TestRunner" name="runScenario" time="0.004"/>
  <testcase classname="Runners.TestRunner" name="runScenario" time="0.095"/>
  <testcase classname="Runners.TestRunner" name="runScenario" time="0.003"/>
</testsuite> <!-- Runners.TestRunner -->
