<?xml version="1.0" encoding="UTF-8"?>
<!-- Generated by org.testng.reporters.JUnitReportReporter -->
<testsuite hostname="DESKTOP-U4FFCR6" failures="0" tests="1" name="Runners.TestRunner" time="0.093" errors="0" timestamp="03 Jun 2023 16:19:26 GMT" skipped="0">
  <testcase classname="Runners.TestRunner" name="runScenario" time="0.093"/>
</testsuite> <!-- Runners.TestRunner -->
